make --dry-run --always-make --keep-going --print-directory
make: Entering directory `/Users/hqixeo/Downloads/code/kickoff/so_long/Active'
mkdir obj/
 
gcc -Wall -Wextra -Werror -I libft/include -c debug.c -o obj/debug.o
gcc -Wall -Wextra -Werror -I libft/include -c debug_utils.c -o obj/debug_utils.o
gcc -Wall -Wextra -Werror -I libft/include -c exit.c -o obj/exit.o
gcc -Wall -Wextra -Werror -I libft/include -c image_creation.c -o obj/image_creation.o
gcc -Wall -Wextra -Werror -I libft/include -c image_creation_utils.c -o obj/image_creation_utils.o
gcc -Wall -Wextra -Werror -I libft/include -c initialize.c -o obj/initialize.o
gcc -Wall -Wextra -Werror -I libft/include -c input.c -o obj/input.o
gcc -Wall -Wextra -Werror -I libft/include -c main.c -o obj/main.o
gcc -Wall -Wextra -Werror -I libft/include -c map_evaluate.c -o obj/map_evaluate.o
gcc -Wall -Wextra -Werror -I libft/include -c pathfind.c -o obj/pathfind.o
gcc -Wall -Wextra -Werror -I libft/include -c update.c -o obj/update.o
gcc -Wall -Wextra -Werror -I libft/include -c utils_axis.c -o obj/utils_axis.o
gcc -Wall -Wextra -Werror -I libft/include -c utils_axisfind.c -o obj/utils_axisfind.o
gcc -Wall -Wextra -Werror -I libft/include -c utils_math.c -o obj/utils_math.o
gcc -Wall -Wextra -Werror -I libft/include -c utils_mlx_display.c -o obj/utils_mlx_display.o
 
gcc -Wall -Wextra -Werror -I libft/include -c validpath.c -o obj/validpath.o
make -C libft
gcc -Wall -Wextra -Werror obj/debug.o obj/debug_utils.o obj/exit.o obj/image_creation.o obj/image_creation_utils.o obj/initialize.o obj/input.o obj/main.o obj/map_evaluate.o obj/pathfind.o obj/update.o obj/utils_axis.o obj/utils_axisfind.o obj/utils_math.o obj/utils_mlx_display.o obj/validpath.o libft/libft.a -lmlx -framework OpenGL -framework AppKit -o so_long
make: Leaving directory `/Users/hqixeo/Downloads/code/kickoff/so_long/Active'
 
